[DEBUG][22-03-26][org.apache.ibatis.logging.LogFactory]Logging initialized using 'class org.apache.ibatis.logging.log4j.Log4jImpl' adapter.
[DEBUG][22-03-26][org.apache.ibatis.logging.LogFactory]Logging initialized using 'class org.apache.ibatis.logging.log4j.Log4jImpl' adapter.
[DEBUG][22-03-26][org.apache.ibatis.datasource.pooled.PooledDataSource]PooledDataSource forcefully closed/removed all connections.
[DEBUG][22-03-26][org.apache.ibatis.datasource.pooled.PooledDataSource]PooledDataSource forcefully closed/removed all connections.
[DEBUG][22-03-26][org.apache.ibatis.datasource.pooled.PooledDataSource]PooledDataSource forcefully closed/removed all connections.
[DEBUG][22-03-26][org.apache.ibatis.datasource.pooled.PooledDataSource]PooledDataSource forcefully closed/removed all connections.
[DEBUG][22-03-26][org.apache.ibatis.transaction.jdbc.JdbcTransaction]Opening JDBC Connection
[DEBUG][22-03-26][org.apache.ibatis.datasource.pooled.PooledDataSource]Created connection 982757413.
[DEBUG][22-03-26][org.apache.ibatis.transaction.jdbc.JdbcTransaction]Setting autocommit to false on JDBC Connection [com.mysql.jdbc.JDBC4Connection@3a93b025]
[DEBUG][22-03-26][com.zyp.dao.UserMapper1.getUserListById]==>  Preparing: select * from mybatis.user where id=?;
[DEBUG][22-03-26][com.zyp.dao.UserMapper1.getUserListById]==> Parameters: 2(Integer)
[DEBUG][22-03-26][com.zyp.dao.UserMapper1.getUserListById]<==      Total: 1
[DEBUG][22-03-26][org.apache.ibatis.transaction.jdbc.JdbcTransaction]Resetting autocommit to true on JDBC Connection [com.mysql.jdbc.JDBC4Connection@3a93b025]
[DEBUG][22-03-26][org.apache.ibatis.transaction.jdbc.JdbcTransaction]Closing JDBC Connection [com.mysql.jdbc.JDBC4Connection@3a93b025]
[DEBUG][22-03-26][org.apache.ibatis.datasource.pooled.PooledDataSource]Returned connection 982757413 to pool.
[INFO][22-03-26][com.zyp.dao.UserTest1]info:进入了testlog4j
[DEBUG][22-03-26][com.zyp.dao.UserTest1]debug:进入了testlog4j
[ERROR][22-03-26][com.zyp.dao.UserTest1]error:进入了testlog4j
[DEBUG][22-03-26][org.apache.ibatis.logging.LogFactory]Logging initialized using 'class org.apache.ibatis.logging.log4j.Log4jImpl' adapter.
[DEBUG][22-03-26][org.apache.ibatis.logging.LogFactory]Logging initialized using 'class org.apache.ibatis.logging.log4j.Log4jImpl' adapter.
[DEBUG][22-03-26][org.apache.ibatis.datasource.pooled.PooledDataSource]PooledDataSource forcefully closed/removed all connections.
[DEBUG][22-03-26][org.apache.ibatis.datasource.pooled.PooledDataSource]PooledDataSource forcefully closed/removed all connections.
[DEBUG][22-03-26][org.apache.ibatis.datasource.pooled.PooledDataSource]PooledDataSource forcefully closed/removed all connections.
[DEBUG][22-03-26][org.apache.ibatis.datasource.pooled.PooledDataSource]PooledDataSource forcefully closed/removed all connections.
[DEBUG][22-03-26][org.apache.ibatis.logging.LogFactory]Logging initialized using 'class org.apache.ibatis.logging.log4j.Log4jImpl' adapter.
[DEBUG][22-03-26][org.apache.ibatis.logging.LogFactory]Logging initialized using 'class org.apache.ibatis.logging.log4j.Log4jImpl' adapter.
[DEBUG][22-03-26][org.apache.ibatis.datasource.pooled.PooledDataSource]PooledDataSource forcefully closed/removed all connections.
[DEBUG][22-03-26][org.apache.ibatis.datasource.pooled.PooledDataSource]PooledDataSource forcefully closed/removed all connections.
[DEBUG][22-03-26][org.apache.ibatis.datasource.pooled.PooledDataSource]PooledDataSource forcefully closed/removed all connections.
[DEBUG][22-03-26][org.apache.ibatis.datasource.pooled.PooledDataSource]PooledDataSource forcefully closed/removed all connections.
[DEBUG][22-03-26][org.apache.ibatis.transaction.jdbc.JdbcTransaction]Opening JDBC Connection
[DEBUG][22-03-26][org.apache.ibatis.datasource.pooled.PooledDataSource]Created connection 902478634.
[DEBUG][22-03-26][org.apache.ibatis.transaction.jdbc.JdbcTransaction]Setting autocommit to false on JDBC Connection [com.mysql.jdbc.JDBC4Connection@35cabb2a]
[DEBUG][22-03-26][com.zyp.dao.UserMapper1.getUserByLimit]==>  Preparing: select * from mybatis.user limit ?,?;
[DEBUG][22-03-26][com.zyp.dao.UserMapper1.getUserByLimit]==> Parameters: 0(Integer), 2(Integer)
[DEBUG][22-03-26][com.zyp.dao.UserMapper1.getUserByLimit]<==      Total: 2
[DEBUG][22-03-26][org.apache.ibatis.transaction.jdbc.JdbcTransaction]Resetting autocommit to true on JDBC Connection [com.mysql.jdbc.JDBC4Connection@35cabb2a]
[DEBUG][22-03-26][org.apache.ibatis.transaction.jdbc.JdbcTransaction]Closing JDBC Connection [com.mysql.jdbc.JDBC4Connection@35cabb2a]
[DEBUG][22-03-26][org.apache.ibatis.datasource.pooled.PooledDataSource]Returned connection 902478634 to pool.
[DEBUG][22-03-26][org.apache.ibatis.logging.LogFactory]Logging initialized using 'class org.apache.ibatis.logging.log4j.Log4jImpl' adapter.
[DEBUG][22-03-26][org.apache.ibatis.logging.LogFactory]Logging initialized using 'class org.apache.ibatis.logging.log4j.Log4jImpl' adapter.
[DEBUG][22-03-26][org.apache.ibatis.datasource.pooled.PooledDataSource]PooledDataSource forcefully closed/removed all connections.
[DEBUG][22-03-26][org.apache.ibatis.datasource.pooled.PooledDataSource]PooledDataSource forcefully closed/removed all connections.
[DEBUG][22-03-26][org.apache.ibatis.datasource.pooled.PooledDataSource]PooledDataSource forcefully closed/removed all connections.
[DEBUG][22-03-26][org.apache.ibatis.datasource.pooled.PooledDataSource]PooledDataSource forcefully closed/removed all connections.
[DEBUG][22-03-26][org.apache.ibatis.transaction.jdbc.JdbcTransaction]Opening JDBC Connection
[DEBUG][22-03-26][org.apache.ibatis.datasource.pooled.PooledDataSource]Created connection 902478634.
[DEBUG][22-03-26][org.apache.ibatis.transaction.jdbc.JdbcTransaction]Setting autocommit to false on JDBC Connection [com.mysql.jdbc.JDBC4Connection@35cabb2a]
[DEBUG][22-03-26][com.zyp.dao.UserMapper1.getUserByLimit]==>  Preparing: select * from mybatis.user limit ?,?;
[DEBUG][22-03-26][com.zyp.dao.UserMapper1.getUserByLimit]==> Parameters: 0(Integer), 2(Integer)
[DEBUG][22-03-26][com.zyp.dao.UserMapper1.getUserByLimit]<==      Total: 2
[DEBUG][22-03-26][org.apache.ibatis.transaction.jdbc.JdbcTransaction]Resetting autocommit to true on JDBC Connection [com.mysql.jdbc.JDBC4Connection@35cabb2a]
[DEBUG][22-03-26][org.apache.ibatis.transaction.jdbc.JdbcTransaction]Closing JDBC Connection [com.mysql.jdbc.JDBC4Connection@35cabb2a]
[DEBUG][22-03-26][org.apache.ibatis.datasource.pooled.PooledDataSource]Returned connection 902478634 to pool.
[DEBUG][22-03-26][org.apache.ibatis.logging.LogFactory]Logging initialized using 'class org.apache.ibatis.logging.log4j.Log4jImpl' adapter.
[DEBUG][22-03-26][org.apache.ibatis.logging.LogFactory]Logging initialized using 'class org.apache.ibatis.logging.log4j.Log4jImpl' adapter.
[DEBUG][22-03-26][org.apache.ibatis.datasource.pooled.PooledDataSource]PooledDataSource forcefully closed/removed all connections.
[DEBUG][22-03-26][org.apache.ibatis.datasource.pooled.PooledDataSource]PooledDataSource forcefully closed/removed all connections.
[DEBUG][22-03-26][org.apache.ibatis.datasource.pooled.PooledDataSource]PooledDataSource forcefully closed/removed all connections.
[DEBUG][22-03-26][org.apache.ibatis.datasource.pooled.PooledDataSource]PooledDataSource forcefully closed/removed all connections.
[DEBUG][22-03-26][org.apache.ibatis.transaction.jdbc.JdbcTransaction]Opening JDBC Connection
[DEBUG][22-03-26][org.apache.ibatis.datasource.pooled.PooledDataSource]Created connection 902478634.
[DEBUG][22-03-26][org.apache.ibatis.transaction.jdbc.JdbcTransaction]Setting autocommit to false on JDBC Connection [com.mysql.jdbc.JDBC4Connection@35cabb2a]
[DEBUG][22-03-26][com.zyp.dao.UserMapper1.getUserByLimit]==>  Preparing: select * from mybatis.user limit ?,?;
[DEBUG][22-03-26][com.zyp.dao.UserMapper1.getUserByLimit]==> Parameters: 1(Integer), 2(Integer)
[DEBUG][22-03-26][com.zyp.dao.UserMapper1.getUserByLimit]<==      Total: 2
[DEBUG][22-03-26][org.apache.ibatis.transaction.jdbc.JdbcTransaction]Resetting autocommit to true on JDBC Connection [com.mysql.jdbc.JDBC4Connection@35cabb2a]
[DEBUG][22-03-26][org.apache.ibatis.transaction.jdbc.JdbcTransaction]Closing JDBC Connection [com.mysql.jdbc.JDBC4Connection@35cabb2a]
[DEBUG][22-03-26][org.apache.ibatis.datasource.pooled.PooledDataSource]Returned connection 902478634 to pool.
